<?xml version="1.0" encoding="UTF-8"?>
<!-- Generated by org.testng.reporters.JUnitXMLReporter -->
<testsuite ignored="0" hostname="Cool_Sanky" failures="0" tests="4" name="Smoke Layer Tests" time="0.059" errors="0" timestamp="2026-07-05T22:32:03 EDT">
  <testcase classname="sample.SmokeNg" name="shouldRun" time="0.006"/>
  <testcase classname="ui.HomePageTest" name="applicationUrlShouldBeConfigured" time="0.003"/>
  <testcase classname="api.ApiEndpointTest" name="productListEndpointShouldBeDefined" time="0.001"/>
  <testcase classname="database.DatabaseSmokeTest" name="databaseLayerPlaceholderShouldRun" time="0.0"/>
</testsuite> <!-- Smoke Layer Tests -->
