<?xml version="1.0" encoding="UTF-8"?>
<!-- Generated by org.testng.reporters.JUnitXMLReporter -->
<testsuite ignored="0" hostname="Cool_Sanky" failures="0" tests="5" name="Smoke Layer Tests" time="48.794" errors="0" timestamp="2026-07-05T23:15:24 EDT">
  <testcase classname="sample.SmokeNg" name="shouldRun" time="0.007"/>
  <testcase classname="ui.HomePageTest" name="applicationUrlShouldBeConfigured" time="0.008"/>
  <testcase classname="ui.HomePageUiTest" name="userShouldOpenHomePage" time="48.718"/>
  <testcase classname="api.ApiEndpointTest" name="productListEndpointShouldBeDefined" time="0.001"/>
  <testcase classname="database.DatabaseSmokeTest" name="databaseLayerPlaceholderShouldRun" time="0.001"/>
</testsuite> <!-- Smoke Layer Tests -->
