<?xml version="1.0" encoding="UTF-8"?>
<testng-results ignored="0" total="4" passed="4" failed="0" skipped="0">
  <reporter-output>
  </reporter-output>
  <suite started-at="2026-07-05T22:32:03 EDT" name="E-Commerce SDET Full Suite" finished-at="2026-07-05T22:32:03 EDT" duration-ms="59">
    <groups>
    </groups>
    <test started-at="2026-07-05T22:32:03 EDT" name="Smoke Layer Tests" finished-at="2026-07-05T22:32:03 EDT" duration-ms="59">
      <class name="database.DatabaseSmokeTest">
        <test-method signature="databaseLayerPlaceholderShouldRun()[pri:0, instance:database.DatabaseSmokeTest@659a969b]" started-at="2026-07-05T22:32:03 EDT" name="databaseLayerPlaceholderShouldRun" finished-at="2026-07-05T22:32:03 EDT" duration-ms="0" status="PASS">
          <reporter-output>
          </reporter-output>
        </test-method> <!-- databaseLayerPlaceholderShouldRun -->
      </class> <!-- database.DatabaseSmokeTest -->
      <class name="api.ApiEndpointTest">
        <test-method signature="productListEndpointShouldBeDefined()[pri:0, instance:api.ApiEndpointTest@1d119efb]" started-at="2026-07-05T22:32:03 EDT" name="productListEndpointShouldBeDefined" finished-at="2026-07-05T22:32:03 EDT" duration-ms="1" status="PASS">
          <reporter-output>
          </reporter-output>
        </test-method> <!-- productListEndpointShouldBeDefined -->
      </class> <!-- api.ApiEndpointTest -->
      <class name="sample.SmokeNg">
        <test-method signature="shouldRun()[pri:0, instance:sample.SmokeNg@6ef888f6]" started-at="2026-07-05T22:32:03 EDT" name="shouldRun" finished-at="2026-07-05T22:32:03 EDT" duration-ms="6" status="PASS">
          <reporter-output>
          </reporter-output>
        </test-method> <!-- shouldRun -->
      </class> <!-- sample.SmokeNg -->
      <class name="ui.HomePageTest">
        <test-method signature="applicationUrlShouldBeConfigured()[pri:0, instance:ui.HomePageTest@6fe7aac8]" started-at="2026-07-05T22:32:03 EDT" name="applicationUrlShouldBeConfigured" finished-at="2026-07-05T22:32:03 EDT" duration-ms="3" status="PASS">
          <reporter-output>
          </reporter-output>
        </test-method> <!-- applicationUrlShouldBeConfigured -->
      </class> <!-- ui.HomePageTest -->
    </test> <!-- Smoke Layer Tests -->
  </suite> <!-- E-Commerce SDET Full Suite -->
</testng-results>
