<?xml version="1.0" encoding="UTF-8"?>
<testsuite xmlns:xsi="http://www.w3.org/2001/XMLSchema-instance" xsi:noNamespaceSchemaLocation="https://maven.apache.org/surefire/maven-surefire-plugin/xsd/surefire-test-report-3.0.xsd" version="3.0" name="TestSuite" time="19.572" tests="6" errors="0" skipped="0" failures="0">
  <properties>
[...]
</properties>
  <testcase name="shouldRun" classname="sample.SmokeNg" time="0.145">
    <system-out><![CDATA[TestNG smoke test executed
]]></system-out>
    <system-err><![CDATA[SLF4J: Failed to load class "org.slf4j.impl.StaticLoggerBinder".
SLF4J: Defaulting to no-operation (NOP) logger implementation
SLF4J: See http://www.slf4j.org/codes.html#StaticLoggerBinder for further details.
]]></system-err>
  </testcase>
  <testcase name="applicationUrlShouldBeConfigured" classname="ui.HomePageTest" time="0.013"/>
  <testcase name="userShouldOpenHomePage" classname="ui.HomePageUiTest" time="14.727"/>
  <testcase name="productListEndpointShouldBeDefined" classname="api.ApiEndpointTest" time="0.006"/>
  <testcase name="userShouldGetProductsList" classname="api.ProductApiTest" time="3.399"/>
  <testcase name="databaseLayerPlaceholderShouldRun" classname="database.DatabaseSmokeTest" time="0.01"/>
</testsuite>